<?xml version="1.0" encoding="UTF-8"?>
<!-- Generated by org.testng.reporters.JUnitXMLReporter -->
<testsuite ignored="0" hostname="Bachking" failures="0" tests="3" name="Surefire test" time="15.508" errors="0" timestamp="2023-03-29T10:20:24 IST">
  <testcase classname="org.example.AppTest" name="testcase1_login" time="0.043"/>
  <testcase classname="org.example.AppTest" name="testcase2_login" time="0.001"/>
  <testcase classname="org.example.googlesearchTest" name="googletest" time="15.371"/>
</testsuite> <!-- Surefire test -->
