<?xml version="1.0" encoding="UTF-8"?>
<testng-results ignored="0" total="3" passed="3" failed="0" skipped="0">
  <reporter-output>
  </reporter-output>
  <suite started-at="2023-03-29T10:20:09 IST" name="Surefire suite" finished-at="2023-03-29T10:20:24 IST" duration-ms="15508">
    <groups>
    </groups>
    <test started-at="2023-03-29T10:20:09 IST" name="Surefire test" finished-at="2023-03-29T10:20:24 IST" duration-ms="15508">
      <class name="org.example.googlesearchTest">
        <test-method signature="googletest()[pri:0, instance:org.example.googlesearchTest@5ad851c9]" started-at="2023-03-29T10:20:09 IST" name="googletest" finished-at="2023-03-29T10:20:24 IST" duration-ms="15371" status="PASS">
          <reporter-output>
          </reporter-output>
        </test-method> <!-- googletest -->
      </class> <!-- org.example.googlesearchTest -->
      <class name="org.example.AppTest">
        <test-method signature="testcase1_login()[pri:0, instance:org.example.AppTest@6646153]" started-at="2023-03-29T10:20:09 IST" name="testcase1_login" finished-at="2023-03-29T10:20:09 IST" duration-ms="43" status="PASS">
          <reporter-output>
          </reporter-output>
        </test-method> <!-- testcase1_login -->
        <test-method signature="testcase2_login()[pri:0, instance:org.example.AppTest@6646153]" started-at="2023-03-29T10:20:09 IST" name="testcase2_login" finished-at="2023-03-29T10:20:09 IST" duration-ms="1" status="PASS">
          <reporter-output>
          </reporter-output>
        </test-method> <!-- testcase2_login -->
      </class> <!-- org.example.AppTest -->
    </test> <!-- Surefire test -->
  </suite> <!-- Surefire suite -->
</testng-results>
