<?xml version="1.0" encoding="UTF-8"?>
<testng-results ignored="0" total="4" passed="4" failed="0" skipped="0">
  <reporter-output>
  </reporter-output>
  <suite started-at="2023-03-29T12:27:56 IST" name="Command line suite" finished-at="2023-03-29T12:27:56 IST" duration-ms="124">
    <groups>
    </groups>
    <test started-at="2023-03-29T12:27:56 IST" name="Command line test" finished-at="2023-03-29T12:27:56 IST" duration-ms="124">
      <class name="org.example.App1Test">
        <test-method signature="openbrowser()[pri:1, instance:org.example.App1Test@4148db48]" started-at="2023-03-29T12:27:56 IST" name="openbrowser" finished-at="2023-03-29T12:27:56 IST" duration-ms="15" status="PASS">
          <reporter-output>
          </reporter-output>
        </test-method> <!-- openbrowser -->
        <test-method signature="opengoogle()[pri:2, instance:org.example.App1Test@4148db48]" started-at="2023-03-29T12:27:56 IST" name="opengoogle" finished-at="2023-03-29T12:27:56 IST" duration-ms="2" status="PASS">
          <reporter-output>
          </reporter-output>
        </test-method> <!-- opengoogle -->
        <test-method signature="closegoogle()[pri:3, instance:org.example.App1Test@4148db48]" started-at="2023-03-29T12:27:56 IST" name="closegoogle" finished-at="2023-03-29T12:27:56 IST" duration-ms="1" status="PASS">
          <reporter-output>
          </reporter-output>
        </test-method> <!-- closegoogle -->
        <test-method signature="closebrowser()[pri:4, instance:org.example.App1Test@4148db48]" started-at="2023-03-29T12:27:56 IST" name="closebrowser" finished-at="2023-03-29T12:27:56 IST" duration-ms="2" status="PASS">
          <reporter-output>
          </reporter-output>
        </test-method> <!-- closebrowser -->
      </class> <!-- org.example.App1Test -->
    </test> <!-- Command line test -->
  </suite> <!-- Command line suite -->
</testng-results>
