<?xml version="1.0" encoding="UTF-8"?>
<testng-results ignored="0" total="1" passed="1" failed="0" skipped="0">
  <reporter-output>
  </reporter-output>
  <suite started-at="2023-04-19T12:30:23 IST" name="org.example.AppTest" finished-at="2023-04-19T12:31:03 IST" duration-ms="39508">
    <groups>
    </groups>
    <test started-at="2023-04-19T12:30:23 IST" name="Command line test" finished-at="2023-04-19T12:31:03 IST" duration-ms="39508">
      <class name="org.example.AppTest">
        <test-method signature="googletest()[pri:0, instance:org.example.AppTest@5ea434c8]" started-at="2023-04-19T12:30:23 IST" name="googletest" finished-at="2023-04-19T12:31:03 IST" duration-ms="39439" status="PASS">
          <reporter-output>
          </reporter-output>
        </test-method> <!-- googletest -->
      </class> <!-- org.example.AppTest -->
    </test> <!-- Command line test -->
  </suite> <!-- org.example.AppTest -->
</testng-results>
